2017-07-23 09:41:22 INFO  Scenario_Search:95 - Failed as Actual Result is 348Expected Result is 428
2017-07-23 09:42:18 INFO  Scenario_Search:95 - Failed as Actual Result is 3Expected Result is 4
2017-07-23 15:26:31 INFO  Scenario_Cart:31 - Executing the Testcase GB_05  Order set is 1.0
2017-07-23 15:27:04 INFO  Scenario_Cart:52 - Passed as Actual Result  is Raw Mango - Diced  Expected Result is Raw Mango - Diced
2017-07-23 15:28:35 INFO  Scenario_Cart:81 - Executing the Testcase GB_08  Order set is 1.0
2017-07-23 15:29:10 INFO  Scenario_Cart:105 - Passed as Actual Result  is There are no items in your basket.  Expected Result is There are no items in your basket.
2017-07-23 15:37:23 INFO  Scenario_Search:30 - Executing Testcase GB_01 Order set is 1.0
2017-07-23 15:38:09 INFO  Scenario_Search:50 - Failed as Actual Result is  Sorry! There are no products to display. Expected Result is Sorry! There are no products to disp.
2017-07-23 15:38:15 INFO  Scenario_Search:30 - Executing Testcase GB_01 Order set is 2.0
2017-07-23 15:39:20 INFO  Scenario_Search:45 - Passed as Actual Result is  Sorry! There are no products to display. Expected Result is Sorry! There are no products to display.
2017-07-23 15:39:46 INFO  Scenario_Cart:31 - Executing the Testcase GB_05  Order set is 1.0
2017-07-23 15:40:33 INFO  Scenario_Cart:52 - Passed as Actual Result  is Raw Mango - Diced  Expected Result is Raw Mango - Diced
2017-07-23 15:45:37 INFO  Scenario_Search:30 - Executing Testcase GB_01 Order set is 1.0
2017-07-23 15:45:49 INFO  Scenario_Search:30 - Executing Testcase GB_01 Order set is 2.0
2017-07-23 15:46:36 INFO  Scenario_Search:45 - Passed as Actual Result is  Sorry! There are no products to display. Expected Result is Sorry! There are no products to display.
2017-07-23 15:47:55 INFO  Scenario_Search:30 - Executing Testcase GB_01 Order set is 1.0
2017-07-23 15:49:06 INFO  Scenario_Search:50 - Failed as Actual Result is  Sorry! There are no products to display. Expected Result is Sorry! There are no products to disp.
2017-07-23 15:49:11 INFO  Scenario_Search:30 - Executing Testcase GB_01 Order set is 2.0
2017-07-23 15:53:26 INFO  Scenario_Search:30 - Executing Testcase GB_01 Order set is 1.0
2017-07-23 15:54:21 INFO  Scenario_Search:45 - Passed as Actual Result is  Sorry! There are no products to display. Expected Result is Sorry! There are no products to display.
2017-07-23 16:02:15 INFO  Scenario_Search:30 - Executing Testcase GB_01 Order set is 1.0
2017-07-23 16:03:02 INFO  Scenario_Search:45 - Passed as Actual Result is  Sorry! There are no products to display. Expected Result is Sorry! There are no products to display.
2017-07-23 16:54:01 INFO  Scenario_Search:? - Executing Testcase GB_01 Order set is 1.0
2017-07-23 16:54:49 INFO  Scenario_Search:? - Passed as Actual Result is  Sorry! There are no products to display. Expected Result is Sorry! There are no products to display.
